C:\ENGINEOWNING\ENGINEOWNING.EOBASE\ENGINEOWNING.COD8\COD8.STEAM\EO - COD8\EO - COD8\RELEASE\EO_UTILS.OBJ
C:\ENGINEOWNING\ENGINEOWNING.EOBASE\ENGINEOWNING.COD8\COD8.STEAM\EO - COD8\EO - COD8\RELEASE\EO_ESP_AIMBOT.OBJ
C:\ENGINEOWNING\ENGINEOWNING.EOBASE\ENGINEOWNING.COD8\COD8.STEAM\EO - COD8\EO - COD8\RELEASE\EO_NOSPREAD.OBJ
C:\ENGINEOWNING\ENGINEOWNING.EOBASE\ENGINEOWNING.COD8\COD8.STEAM\EO - COD8\EO - COD8\RELEASE\EO_AUTOWALL.OBJ
C:\ENGINEOWNING\ENGINEOWNING.EOBASE\ENGINEOWNING.COD8\COD8.STEAM\EO - COD8\EO - COD8\RELEASE\EO_OFFSETS.OBJ
C:\ENGINEOWNING\ENGINEOWNING.EOBASE\ENGINEOWNING.COD8\COD8.STEAM\EO - COD8\EO - COD8\RELEASE\EO_MAIN.OBJ
C:\ENGINEOWNING\ENGINEOWNING.EOBASE\ENGINEOWNING.COD8\COD8.STEAM\EO - COD8\EO - COD8\RELEASE\EO_HOOK.OBJ
C:\ENGINEOWNING\ENGINEOWNING.EOBASE\ENGINEOWNING.COD8\COD8.STEAM\EO - COD8\EO - COD8\RELEASE\EO_DRAWING.OBJ
C:\ENGINEOWNING\ENGINEOWNING.EOBASE\ENGINEOWNING.COD8\COD8.STEAM\EO - COD8\EO - COD8\RELEASE\EO_CLIENT.OBJ
C:\ENGINEOWNING\ENGINEOWNING.EOBASE\ENGINEOWNING.COD8\COD8.STEAM\EO - COD8\EO - COD8\RELEASE\VC110.PDB
C:\ENGINEOWNING\ENGINEOWNING.EOBASE\ENGINEOWNING.COD8\COD8.STEAM\EO - COD8\RELEASE\EO - COD8.DLL
C:\ENGINEOWNING\ENGINEOWNING.EOBASE\ENGINEOWNING.COD8\COD8.STEAM\EO - COD8\RELEASE\EO - COD8.PDB
C:\EngineOwning\engineowning.eobase\engineowning.cod8\cod8.steam\EO - CoD8\EO - CoD8\Release\EO_Autowall.obj
C:\EngineOwning\engineowning.eobase\engineowning.cod8\cod8.steam\EO - CoD8\EO - CoD8\Release\EO_Client.obj
C:\EngineOwning\engineowning.eobase\engineowning.cod8\cod8.steam\EO - CoD8\EO - CoD8\Release\EO_Drawing.obj
C:\EngineOwning\engineowning.eobase\engineowning.cod8\cod8.steam\EO - CoD8\EO - CoD8\Release\EO_ESP_AIMBOT.obj
C:\EngineOwning\engineowning.eobase\engineowning.cod8\cod8.steam\EO - CoD8\EO - CoD8\Release\EO_Hook.obj
C:\EngineOwning\engineowning.eobase\engineowning.cod8\cod8.steam\EO - CoD8\EO - CoD8\Release\EO_Main.obj
C:\EngineOwning\engineowning.eobase\engineowning.cod8\cod8.steam\EO - CoD8\EO - CoD8\Release\EO_NoSpread.obj
C:\EngineOwning\engineowning.eobase\engineowning.cod8\cod8.steam\EO - CoD8\EO - CoD8\Release\EO_Offsets.obj
C:\EngineOwning\engineowning.eobase\engineowning.cod8\cod8.steam\EO - CoD8\EO - CoD8\Release\EO_Utils.obj
C:\EngineOwning\engineowning.eobase\engineowning.cod8\cod8.steam\EO - CoD8\EO - CoD8\Release\cl.command.1.tlog
C:\EngineOwning\engineowning.eobase\engineowning.cod8\cod8.steam\EO - CoD8\EO - CoD8\Release\CL.read.1.tlog
C:\EngineOwning\engineowning.eobase\engineowning.cod8\cod8.steam\EO - CoD8\EO - CoD8\Release\CL.write.1.tlog
C:\EngineOwning\engineowning.eobase\engineowning.cod8\cod8.steam\EO - CoD8\EO - CoD8\Release\link-cvtres.read.1.tlog
C:\EngineOwning\engineowning.eobase\engineowning.cod8\cod8.steam\EO - CoD8\EO - CoD8\Release\link-cvtres.write.1.tlog
C:\EngineOwning\engineowning.eobase\engineowning.cod8\cod8.steam\EO - CoD8\EO - CoD8\Release\link-rc.read.1.tlog
C:\EngineOwning\engineowning.eobase\engineowning.cod8\cod8.steam\EO - CoD8\EO - CoD8\Release\link-rc.write.1.tlog
C:\EngineOwning\engineowning.eobase\engineowning.cod8\cod8.steam\EO - CoD8\EO - CoD8\Release\link.command.1.tlog
C:\EngineOwning\engineowning.eobase\engineowning.cod8\cod8.steam\EO - CoD8\EO - CoD8\Release\link.read.1.tlog
C:\EngineOwning\engineowning.eobase\engineowning.cod8\cod8.steam\EO - CoD8\EO - CoD8\Release\link.write.1.tlog
C:\EngineOwning\engineowning.eobase\engineowning.cod8\cod8.steam\EO - CoD8\EO - CoD8\Release\vc110.pdb
C:\EngineOwning\engineowning.eobase\engineowning.cod8\cod8.steam\EO - CoD8\Release\EO - CoD8.pdb
C:\EngineOwning\engineowning.eobase\engineowning.cod8\cod8.steam\EO - CoD8\Release\EO - CoD8.dll
