C:\ENGINEOWNING\ENGINEOWNING.EOBASE\ENGINEOWNING.COD6\COD6.STEAM\EO - COD6\EO - COD6\RELEASE\EO_MATH.OBJ
C:\ENGINEOWNING\ENGINEOWNING.EOBASE\ENGINEOWNING.COD6\COD6.STEAM\EO - COD6\EO - COD6\RELEASE\EO_FRIEND.OBJ
C:\ENGINEOWNING\ENGINEOWNING.EOBASE\ENGINEOWNING.COD6\COD6.STEAM\EO - COD6\EO - COD6\RELEASE\EO_ESP.OBJ
C:\ENGINEOWNING\ENGINEOWNING.EOBASE\ENGINEOWNING.COD6\COD6.STEAM\EO - COD6\EO - COD6\RELEASE\EO_ENGINE.OBJ
C:\ENGINEOWNING\ENGINEOWNING.EOBASE\ENGINEOWNING.COD6\COD6.STEAM\EO - COD6\EO - COD6\RELEASE\EO_DRAWING.OBJ
C:\ENGINEOWNING\ENGINEOWNING.EOBASE\ENGINEOWNING.COD6\COD6.STEAM\EO - COD6\EO - COD6\RELEASE\EO_AIMBOT.OBJ
C:\ENGINEOWNING\ENGINEOWNING.EOBASE\ENGINEOWNING.COD6\COD6.STEAM\EO - COD6\EO - COD6\RELEASE\VC100.PDB
C:\ENGINEOWNING\ENGINEOWNING.EOBASE\ENGINEOWNING.COD6\COD6.STEAM\EO - COD6\EO - COD6\RELEASE\DLLMAIN.OBJ
C:\ENGINEOWNING\ENGINEOWNING.EOBASE\ENGINEOWNING.COD6\COD6.STEAM\EO - COD6\RELEASE\EO - COD6.DLL
C:\ENGINEOWNING\ENGINEOWNING.EOBASE\ENGINEOWNING.COD6\COD6.STEAM\EO - COD6\EO - COD6\RELEASE\EO - COD6.DLL.INTERMEDIATE.MANIFEST
C:\ENGINEOWNING\ENGINEOWNING.EOBASE\ENGINEOWNING.COD6\COD6.STEAM\EO - COD6\RELEASE\EO - COD6.PDB
C:\EngineOwning\engineowning.eobase\engineowning.cod6\cod6.steam\EO - CoD6\EO - CoD6\Release\dllmain.obj
C:\EngineOwning\engineowning.eobase\engineowning.cod6\cod6.steam\EO - CoD6\EO - CoD6\Release\EO_Aimbot.obj
C:\EngineOwning\engineowning.eobase\engineowning.cod6\cod6.steam\EO - CoD6\EO - CoD6\Release\EO_Drawing.obj
C:\EngineOwning\engineowning.eobase\engineowning.cod6\cod6.steam\EO - CoD6\EO - CoD6\Release\EO_Engine.obj
C:\EngineOwning\engineowning.eobase\engineowning.cod6\cod6.steam\EO - CoD6\EO - CoD6\Release\EO_ESP.obj
C:\EngineOwning\engineowning.eobase\engineowning.cod6\cod6.steam\EO - CoD6\EO - CoD6\Release\EO_Friend.obj
C:\EngineOwning\engineowning.eobase\engineowning.cod6\cod6.steam\EO - CoD6\EO - CoD6\Release\EO_Math.obj
C:\EngineOwning\engineowning.eobase\engineowning.cod6\cod6.steam\EO - CoD6\EO - CoD6\Release\cl.command.1.tlog
C:\EngineOwning\engineowning.eobase\engineowning.cod6\cod6.steam\EO - CoD6\EO - CoD6\Release\CL.read.1.tlog
C:\EngineOwning\engineowning.eobase\engineowning.cod6\cod6.steam\EO - CoD6\EO - CoD6\Release\CL.write.1.tlog
C:\EngineOwning\engineowning.eobase\engineowning.cod6\cod6.steam\EO - CoD6\EO - CoD6\Release\link.command.1.tlog
C:\EngineOwning\engineowning.eobase\engineowning.cod6\cod6.steam\EO - CoD6\EO - CoD6\Release\link.read.1.tlog
C:\EngineOwning\engineowning.eobase\engineowning.cod6\cod6.steam\EO - CoD6\EO - CoD6\Release\link.write.1.tlog
C:\EngineOwning\engineowning.eobase\engineowning.cod6\cod6.steam\EO - CoD6\EO - CoD6\Release\mt.command.1.tlog
C:\EngineOwning\engineowning.eobase\engineowning.cod6\cod6.steam\EO - CoD6\EO - CoD6\Release\mt.read.1.tlog
C:\EngineOwning\engineowning.eobase\engineowning.cod6\cod6.steam\EO - CoD6\EO - CoD6\Release\mt.write.1.tlog
C:\EngineOwning\engineowning.eobase\engineowning.cod6\cod6.steam\EO - CoD6\EO - CoD6\Release\EO - CoD6.dll.intermediate.manifest
C:\EngineOwning\engineowning.eobase\engineowning.cod6\cod6.steam\EO - CoD6\EO - CoD6\Release\vc100.pdb
C:\EngineOwning\engineowning.eobase\engineowning.cod6\cod6.steam\EO - CoD6\Release\EO - CoD6.pdb
C:\EngineOwning\engineowning.eobase\engineowning.cod6\cod6.steam\EO - CoD6\Release\EO - CoD6.dll
