C:\USERS\WESLEY\DOCUMENTS\VISUAL STUDIO 2012\PROJECTS\EO - COD5\EO - COD5\RELEASE\EO_OFFSETS.OBJ
C:\USERS\WESLEY\DOCUMENTS\VISUAL STUDIO 2012\PROJECTS\EO - COD5\EO - COD5\RELEASE\EO_AIMBOT.OBJ
C:\USERS\WESLEY\DOCUMENTS\VISUAL STUDIO 2012\PROJECTS\EO - COD5\EO - COD5\RELEASE\EO_DRAWING.OBJ
C:\USERS\WESLEY\DOCUMENTS\VISUAL STUDIO 2012\PROJECTS\EO - COD5\EO - COD5\RELEASE\EO_CLIENT.OBJ
C:\USERS\WESLEY\DOCUMENTS\VISUAL STUDIO 2012\PROJECTS\EO - COD5\EO - COD5\RELEASE\EO_NOSPREAD.OBJ
C:\USERS\WESLEY\DOCUMENTS\VISUAL STUDIO 2012\PROJECTS\EO - COD5\EO - COD5\RELEASE\EO_HOOK.OBJ
C:\USERS\WESLEY\DOCUMENTS\VISUAL STUDIO 2012\PROJECTS\EO - COD5\EO - COD5\RELEASE\EO_VISUALS.OBJ
C:\USERS\WESLEY\DOCUMENTS\VISUAL STUDIO 2012\PROJECTS\EO - COD5\EO - COD5\RELEASE\EO_UTILS.OBJ
C:\USERS\WESLEY\DOCUMENTS\VISUAL STUDIO 2012\PROJECTS\EO - COD5\EO - COD5\RELEASE\EO_MAIN.OBJ
C:\USERS\WESLEY\DOCUMENTS\VISUAL STUDIO 2012\PROJECTS\EO - COD5\EO - COD5\RELEASE\VC110.PDB
C:\ENGINEOWNING\ENGINEOWNING.EOBASE\ENGINEOWNING.COD5\EO - COD5\RELEASE\EO_VISUALS.OBJ
C:\ENGINEOWNING\ENGINEOWNING.EOBASE\ENGINEOWNING.COD5\EO - COD5\RELEASE\EO_CLIENT.OBJ
C:\ENGINEOWNING\ENGINEOWNING.EOBASE\ENGINEOWNING.COD5\EO - COD5\RELEASE\EO_AIMBOT.OBJ
C:\ENGINEOWNING\ENGINEOWNING.EOBASE\ENGINEOWNING.COD5\EO - COD5\RELEASE\EO_OFFSETS.OBJ
C:\ENGINEOWNING\ENGINEOWNING.EOBASE\ENGINEOWNING.COD5\EO - COD5\RELEASE\EO_HOOK.OBJ
C:\ENGINEOWNING\ENGINEOWNING.EOBASE\ENGINEOWNING.COD5\EO - COD5\RELEASE\EO_UTILS.OBJ
C:\ENGINEOWNING\ENGINEOWNING.EOBASE\ENGINEOWNING.COD5\EO - COD5\RELEASE\EO_NOSPREAD.OBJ
C:\ENGINEOWNING\ENGINEOWNING.EOBASE\ENGINEOWNING.COD5\EO - COD5\RELEASE\EO_MAIN.OBJ
C:\ENGINEOWNING\ENGINEOWNING.EOBASE\ENGINEOWNING.COD5\EO - COD5\RELEASE\EO_DRAWING.OBJ
C:\ENGINEOWNING\ENGINEOWNING.EOBASE\ENGINEOWNING.COD5\EO - COD5\RELEASE\VC110.PDB
C:\USERS\WESLEY\DOCUMENTS\VISUAL STUDIO 2012\PROJECTS\EO - COD5\RELEASE\EO - COD5.DLL
C:\USERS\WESLEY\DOCUMENTS\VISUAL STUDIO 2012\PROJECTS\EO - COD5\RELEASE\EO - COD5.PDB
C:\ENGINEOWNING\ENGINEOWNING.EOBASE\ENGINEOWNING.COD5\RELEASE\EO - COD5.DLL
C:\ENGINEOWNING\ENGINEOWNING.EOBASE\ENGINEOWNING.COD5\RELEASE\EO - COD5.PDB
C:\EngineOwning\engineowning.eobase\engineowning.cod5\EO - CoD5\Release\EO_Aimbot.obj
C:\EngineOwning\engineowning.eobase\engineowning.cod5\EO - CoD5\Release\EO_Client.obj
C:\EngineOwning\engineowning.eobase\engineowning.cod5\EO - CoD5\Release\EO_Drawing.obj
C:\EngineOwning\engineowning.eobase\engineowning.cod5\EO - CoD5\Release\EO_Hook.obj
C:\EngineOwning\engineowning.eobase\engineowning.cod5\EO - CoD5\Release\EO_Main.obj
C:\EngineOwning\engineowning.eobase\engineowning.cod5\EO - CoD5\Release\EO_NoSpread.obj
C:\EngineOwning\engineowning.eobase\engineowning.cod5\EO - CoD5\Release\EO_Offsets.obj
C:\EngineOwning\engineowning.eobase\engineowning.cod5\EO - CoD5\Release\EO_Utils.obj
C:\EngineOwning\engineowning.eobase\engineowning.cod5\EO - CoD5\Release\EO_Visuals.obj
C:\EngineOwning\engineowning.eobase\engineowning.cod5\EO - CoD5\Release\cl.command.1.tlog
C:\EngineOwning\engineowning.eobase\engineowning.cod5\EO - CoD5\Release\CL.read.1.tlog
C:\EngineOwning\engineowning.eobase\engineowning.cod5\EO - CoD5\Release\CL.write.1.tlog
C:\EngineOwning\engineowning.eobase\engineowning.cod5\EO - CoD5\Release\link-cvtres.read.1.tlog
C:\EngineOwning\engineowning.eobase\engineowning.cod5\EO - CoD5\Release\link-cvtres.write.1.tlog
C:\EngineOwning\engineowning.eobase\engineowning.cod5\EO - CoD5\Release\link-rc.read.1.tlog
C:\EngineOwning\engineowning.eobase\engineowning.cod5\EO - CoD5\Release\link-rc.write.1.tlog
C:\EngineOwning\engineowning.eobase\engineowning.cod5\EO - CoD5\Release\link.command.1.tlog
C:\EngineOwning\engineowning.eobase\engineowning.cod5\EO - CoD5\Release\link.read.1.tlog
C:\EngineOwning\engineowning.eobase\engineowning.cod5\EO - CoD5\Release\link.write.1.tlog
C:\EngineOwning\engineowning.eobase\engineowning.cod5\EO - CoD5\Release\vc110.pdb
C:\EngineOwning\engineowning.eobase\engineowning.cod5\Release\EO - CoD5.pdb
C:\EngineOwning\engineowning.eobase\engineowning.cod5\Release\EO - CoD5.dll
