H:\ENGINEOWNING\ENGINEOWNING.EOBASE\ENGINEOWNING.COD4\EO - COD4\RELEASE\EO_AUTOWALL.OBJ
H:\ENGINEOWNING\ENGINEOWNING.EOBASE\ENGINEOWNING.COD4\EO - COD4\RELEASE\EO_MAIN.OBJ
H:\ENGINEOWNING\ENGINEOWNING.EOBASE\ENGINEOWNING.COD4\EO - COD4\RELEASE\EO_NOSPREAD.OBJ
H:\ENGINEOWNING\ENGINEOWNING.EOBASE\ENGINEOWNING.COD4\EO - COD4\RELEASE\EO_AIMBOT.OBJ
H:\ENGINEOWNING\ENGINEOWNING.EOBASE\ENGINEOWNING.COD4\EO - COD4\RELEASE\EO_OFFSETS.OBJ
H:\ENGINEOWNING\ENGINEOWNING.EOBASE\ENGINEOWNING.COD4\EO - COD4\RELEASE\EO_UTILS.OBJ
H:\ENGINEOWNING\ENGINEOWNING.EOBASE\ENGINEOWNING.COD4\EO - COD4\RELEASE\EO_DRAWING.OBJ
H:\ENGINEOWNING\ENGINEOWNING.EOBASE\ENGINEOWNING.COD4\EO - COD4\RELEASE\EO_CLIENT.OBJ
H:\ENGINEOWNING\ENGINEOWNING.EOBASE\ENGINEOWNING.COD4\EO - COD4\RELEASE\EO_HOOK.OBJ
H:\ENGINEOWNING\ENGINEOWNING.EOBASE\ENGINEOWNING.COD4\EO - COD4\RELEASE\EO_VISUALS.OBJ
H:\ENGINEOWNING\ENGINEOWNING.EOBASE\ENGINEOWNING.COD4\EO - COD4\RELEASE\VC110.PDB
H:\ENGINEOWNING\ENGINEOWNING.EOBASE\ENGINEOWNING.COD4\RELEASE\EO - COD4.DLL
H:\ENGINEOWNING\ENGINEOWNING.EOBASE\ENGINEOWNING.COD4\RELEASE\EO - COD4.PDB
H:\EngineOwning\engineowning.eobase\engineowning.cod4\EO - CoD4\Release\EO_Aimbot.obj
H:\EngineOwning\engineowning.eobase\engineowning.cod4\EO - CoD4\Release\EO_Autowall.obj
H:\EngineOwning\engineowning.eobase\engineowning.cod4\EO - CoD4\Release\EO_Client.obj
H:\EngineOwning\engineowning.eobase\engineowning.cod4\EO - CoD4\Release\EO_Drawing.obj
H:\EngineOwning\engineowning.eobase\engineowning.cod4\EO - CoD4\Release\EO_Hook.obj
H:\EngineOwning\engineowning.eobase\engineowning.cod4\EO - CoD4\Release\EO_Main.obj
H:\EngineOwning\engineowning.eobase\engineowning.cod4\EO - CoD4\Release\EO_NoSpread.obj
H:\EngineOwning\engineowning.eobase\engineowning.cod4\EO - CoD4\Release\EO_Offsets.obj
H:\EngineOwning\engineowning.eobase\engineowning.cod4\EO - CoD4\Release\EO_Utils.obj
H:\EngineOwning\engineowning.eobase\engineowning.cod4\EO - CoD4\Release\EO_Visuals.obj
H:\EngineOwning\engineowning.eobase\engineowning.cod4\EO - CoD4\Release\CL.3908.read.1.tlog
H:\EngineOwning\engineowning.eobase\engineowning.cod4\EO - CoD4\Release\CL.3908.write.1.tlog
H:\EngineOwning\engineowning.eobase\engineowning.cod4\EO - CoD4\Release\CL.4360.read.1.tlog
H:\EngineOwning\engineowning.eobase\engineowning.cod4\EO - CoD4\Release\CL.4360.write.1.tlog
H:\EngineOwning\engineowning.eobase\engineowning.cod4\EO - CoD4\Release\CL.5188.read.1.tlog
H:\EngineOwning\engineowning.eobase\engineowning.cod4\EO - CoD4\Release\CL.5188.write.1.tlog
H:\EngineOwning\engineowning.eobase\engineowning.cod4\EO - CoD4\Release\CL.5528.read.1.tlog
H:\EngineOwning\engineowning.eobase\engineowning.cod4\EO - CoD4\Release\CL.5528.write.1.tlog
H:\EngineOwning\engineowning.eobase\engineowning.cod4\EO - CoD4\Release\CL.5560.read.1.tlog
H:\EngineOwning\engineowning.eobase\engineowning.cod4\EO - CoD4\Release\CL.5560.write.1.tlog
H:\EngineOwning\engineowning.eobase\engineowning.cod4\EO - CoD4\Release\CL.6704.read.1.tlog
H:\EngineOwning\engineowning.eobase\engineowning.cod4\EO - CoD4\Release\CL.6704.write.1.tlog
H:\EngineOwning\engineowning.eobase\engineowning.cod4\EO - CoD4\Release\CL.6724.read.1.tlog
H:\EngineOwning\engineowning.eobase\engineowning.cod4\EO - CoD4\Release\CL.6724.write.1.tlog
H:\EngineOwning\engineowning.eobase\engineowning.cod4\EO - CoD4\Release\CL.6856.read.1.tlog
H:\EngineOwning\engineowning.eobase\engineowning.cod4\EO - CoD4\Release\CL.6856.write.1.tlog
H:\EngineOwning\engineowning.eobase\engineowning.cod4\EO - CoD4\Release\cl.command.1.tlog
H:\EngineOwning\engineowning.eobase\engineowning.cod4\EO - CoD4\Release\CL.read.1.tlog
H:\EngineOwning\engineowning.eobase\engineowning.cod4\EO - CoD4\Release\CL.write.1.tlog
H:\EngineOwning\engineowning.eobase\engineowning.cod4\EO - CoD4\Release\link-cvtres.read.1.tlog
H:\EngineOwning\engineowning.eobase\engineowning.cod4\EO - CoD4\Release\link-cvtres.write.1.tlog
H:\EngineOwning\engineowning.eobase\engineowning.cod4\EO - CoD4\Release\link-rc.read.1.tlog
H:\EngineOwning\engineowning.eobase\engineowning.cod4\EO - CoD4\Release\link-rc.write.1.tlog
H:\EngineOwning\engineowning.eobase\engineowning.cod4\EO - CoD4\Release\link.command.1.tlog
H:\EngineOwning\engineowning.eobase\engineowning.cod4\EO - CoD4\Release\link.read.1.tlog
H:\EngineOwning\engineowning.eobase\engineowning.cod4\EO - CoD4\Release\link.write.1.tlog
H:\EngineOwning\engineowning.eobase\engineowning.cod4\EO - CoD4\Release\vc110.pdb
H:\EngineOwning\engineowning.eobase\engineowning.cod4\Release\EO - CoD4.pdb
H:\EngineOwning\engineowning.eobase\engineowning.cod4\Release\EO - CoD4.dll
