C:\ENGINEOWNING\ENGINEOWNING.EOBASE\ENGINEOWNING.COD5\EO - COD5\DEBUG\EO_AIMBOT.OBJ
C:\ENGINEOWNING\ENGINEOWNING.EOBASE\ENGINEOWNING.COD5\EO - COD5\DEBUG\EO_CLIENT.OBJ
C:\ENGINEOWNING\ENGINEOWNING.EOBASE\ENGINEOWNING.COD5\EO - COD5\DEBUG\EO_DRAWING.OBJ
C:\ENGINEOWNING\ENGINEOWNING.EOBASE\ENGINEOWNING.COD5\EO - COD5\DEBUG\EO_HOOK.OBJ
C:\ENGINEOWNING\ENGINEOWNING.EOBASE\ENGINEOWNING.COD5\EO - COD5\DEBUG\EO_MAIN.OBJ
C:\ENGINEOWNING\ENGINEOWNING.EOBASE\ENGINEOWNING.COD5\EO - COD5\DEBUG\EO_NOSPREAD.OBJ
C:\ENGINEOWNING\ENGINEOWNING.EOBASE\ENGINEOWNING.COD5\EO - COD5\DEBUG\EO_OFFSETS.OBJ
C:\ENGINEOWNING\ENGINEOWNING.EOBASE\ENGINEOWNING.COD5\EO - COD5\DEBUG\EO_UTILS.OBJ
C:\ENGINEOWNING\ENGINEOWNING.EOBASE\ENGINEOWNING.COD5\EO - COD5\DEBUG\EO_VISUALS.OBJ
C:\ENGINEOWNING\ENGINEOWNING.EOBASE\ENGINEOWNING.COD5\EO - COD5\DEBUG\VC110.PDB
C:\ENGINEOWNING\ENGINEOWNING.EOBASE\ENGINEOWNING.COD5\DEBUG\EO - COD5.ILK
C:\ENGINEOWNING\ENGINEOWNING.EOBASE\ENGINEOWNING.COD5\DEBUG\EO - COD5.DLL
C:\ENGINEOWNING\ENGINEOWNING.EOBASE\ENGINEOWNING.COD5\DEBUG\EO - COD5.PDB
C:\EngineOwning\engineowning.eobase\engineowning.cod5\EO - CoD5\Debug\EO_Aimbot.obj
C:\EngineOwning\engineowning.eobase\engineowning.cod5\EO - CoD5\Debug\EO_Client.obj
C:\EngineOwning\engineowning.eobase\engineowning.cod5\EO - CoD5\Debug\EO_Drawing.obj
C:\EngineOwning\engineowning.eobase\engineowning.cod5\EO - CoD5\Debug\EO_Hook.obj
C:\EngineOwning\engineowning.eobase\engineowning.cod5\EO - CoD5\Debug\EO_Main.obj
C:\EngineOwning\engineowning.eobase\engineowning.cod5\EO - CoD5\Debug\EO_NoSpread.obj
C:\EngineOwning\engineowning.eobase\engineowning.cod5\EO - CoD5\Debug\EO_Offsets.obj
C:\EngineOwning\engineowning.eobase\engineowning.cod5\EO - CoD5\Debug\EO_Utils.obj
C:\EngineOwning\engineowning.eobase\engineowning.cod5\EO - CoD5\Debug\EO_Visuals.obj
C:\EngineOwning\engineowning.eobase\engineowning.cod5\EO - CoD5\Debug\cl.command.1.tlog
C:\EngineOwning\engineowning.eobase\engineowning.cod5\EO - CoD5\Debug\CL.read.1.tlog
C:\EngineOwning\engineowning.eobase\engineowning.cod5\EO - CoD5\Debug\CL.write.1.tlog
C:\EngineOwning\engineowning.eobase\engineowning.cod5\EO - CoD5\Debug\link-cvtres.read.1.tlog
C:\EngineOwning\engineowning.eobase\engineowning.cod5\EO - CoD5\Debug\link-cvtres.write.1.tlog
C:\EngineOwning\engineowning.eobase\engineowning.cod5\EO - CoD5\Debug\link-rc.read.1.tlog
C:\EngineOwning\engineowning.eobase\engineowning.cod5\EO - CoD5\Debug\link-rc.write.1.tlog
C:\EngineOwning\engineowning.eobase\engineowning.cod5\EO - CoD5\Debug\link.command.1.tlog
C:\EngineOwning\engineowning.eobase\engineowning.cod5\EO - CoD5\Debug\link.read.1.tlog
C:\EngineOwning\engineowning.eobase\engineowning.cod5\EO - CoD5\Debug\link.write.1.tlog
C:\EngineOwning\engineowning.eobase\engineowning.cod5\EO - CoD5\Debug\vc110.idb
C:\EngineOwning\engineowning.eobase\engineowning.cod5\EO - CoD5\Debug\vc110.pdb
C:\EngineOwning\engineowning.eobase\engineowning.cod5\Debug\EO - CoD5.pdb
C:\EngineOwning\engineowning.eobase\engineowning.cod5\Debug\EO - CoD5.dll
C:\EngineOwning\engineowning.eobase\engineowning.cod5\Debug\EO - CoD5.ilk
